     [echo] build logged to build_01-09-2014_(13-55-01).log
init:  duration 0 seconds

setClassPath:
[pathconvert] Set property test.classpath = E:\JenkinsAssignment\JenkinsSampleProject:E:\JenkinsAssignment\JenkinsSampleProject\lib\TestNG.jar:E:\JenkinsAssignment\JenkinsSampleProject\lib\jxl.jar:E:\JenkinsAssignment\JenkinsSampleProject\lib\selenium-server-standalone-2.39.0.jar
setClassPath:  duration 0 seconds

loadTestNG:
loadTestNG:  duration 0 seconds

compile:
compile:  duration 0 seconds

BUILD FAILED

E:\JenkinsAssignment\JenkinsSampleProject\build.xml:34: srcdir attribute must be set!
	at org.apache.tools.ant.taskdefs.Javac.checkParameters(Javac.java:1103)
	at org.apache.tools.ant.taskdefs.Javac.execute(Javac.java:910)
	at org.apache.tools.ant.UnknownElement.execute(UnknownElement.java:291)
	at sun.reflect.GeneratedMethodAccessor4.invoke(Unknown Source)
	at sun.reflect.DelegatingMethodAccessorImpl.invoke(DelegatingMethodAccessorImpl.java:25)
	at java.lang.reflect.Method.invoke(Method.java:597)
	at org.apache.tools.ant.dispatch.DispatchUtils.execute(DispatchUtils.java:106)
	at org.apache.tools.ant.Task.perform(Task.java:348)
	at org.apache.tools.ant.Target.execute(Target.java:392)
	at org.apache.tools.ant.Target.performTasks(Target.java:413)
	at org.apache.tools.ant.Project.executeSortedTargets(Project.java:1399)
	at org.apache.tools.ant.Project.executeTarget(Project.java:1368)
	at org.apache.tools.ant.helper.DefaultExecutor.executeTargets(DefaultExecutor.java:41)
	at org.eclipse.ant.internal.launching.remote.EclipseDefaultExecutor.executeTargets(EclipseDefaultExecutor.java:32)
	at org.apache.tools.ant.Project.executeTargets(Project.java:1251)
	at org.eclipse.ant.internal.launching.remote.InternalAntRunner.run(InternalAntRunner.java:424)
	at org.eclipse.ant.internal.launching.remote.InternalAntRunner.main(InternalAntRunner.java:138)
