     [echo] build logged to build_01-09-2014_(14-43-22).log
init:  duration 0 seconds

setClassPath:
[pathconvert] Set property test.classpath = E:\JenkinsAssignment\JenkinsSampleProject:E:\JenkinsAssignment\JenkinsSampleProject\lib\TestNG.jar:E:\JenkinsAssignment\JenkinsSampleProject\lib\jxl.jar:E:\JenkinsAssignment\JenkinsSampleProject\lib\selenium-server-standalone-2.39.0.jar
setClassPath:  duration 0 seconds

loadTestNG:
loadTestNG:  duration 0 seconds

compile:
     [echo] classpath:E:\JenkinsAssignment\JenkinsSampleProject:E:\JenkinsAssignment\JenkinsSampleProject\lib\TestNG.jar:E:\JenkinsAssignment\JenkinsSampleProject\lib\jxl.jar:E:\JenkinsAssignment\JenkinsSampleProject\lib\selenium-server-standalone-2.39.0.jar
     [echo] compiling..........
    [javac] com\psl\sample\MyFirstSample.java added as com\psl\sample\MyFirstSample.class doesn't exist.
    [javac] Compiling 1 source file to E:\JenkinsAssignment\JenkinsSampleProject\build
    [javac] Using modern compiler
    [javac] Compilation arguments:
'-d'
'E:\JenkinsAssignment\JenkinsSampleProject\build'
'-classpath'
'E:\JenkinsAssignment\JenkinsSampleProject\build;E:\JenkinsAssignment\JenkinsSampleProject;E:\JenkinsAssignment\JenkinsSampleProject\lib\TestNG.jar;E:\JenkinsAssignment\JenkinsSampleProject\lib\jxl.jar;E:\JenkinsAssignment\JenkinsSampleProject\lib\selenium-server-standalone-2.39.0.jar'
'-sourcepath'
'E:\JenkinsAssignment\JenkinsSampleProject\src'
'-g:none'

The ' characters around the executable and arguments are
not part of the command.
    [javac] File to be compiled:
    E:\JenkinsAssignment\JenkinsSampleProject\src\com\psl\sample\MyFirstSample.java
compile:  duration 0 seconds

build-jar:
      [jar] Building jar: E:\JenkinsAssignment\JenkinsSampleProject\lib\jenkinssample.jar
      [jar] adding directory META-INF/
      [jar] adding entry META-INF/MANIFEST.MF
      [jar] adding directory com/
      [jar] adding directory com/psl/
      [jar] adding directory com/psl/sample/
      [jar] adding entry com/psl/sample/MyFirstSample.class
      [jar] No Implementation-Title set.No Implementation-Version set.No Implementation-Vendor set.
Location: E:\JenkinsAssignment\JenkinsSampleProject\build.xml:44: 
build-jar:  duration 0 seconds

runTests:
   [testng] Executing 'C:\Program Files\Java\jdk1.6.0_21\jre\bin\java.exe' with arguments:
'-ea'
'-classpath'
'E:\JenkinsAssignment\JenkinsSampleProject;E:\JenkinsAssignment\JenkinsSampleProject\lib\TestNG.jar;E:\JenkinsAssignment\JenkinsSampleProject\lib\jxl.jar;E:\JenkinsAssignment\JenkinsSampleProject\lib\selenium-server-standalone-2.39.0.jar;E:\JenkinsAssignment\JenkinsSampleProject\build'
'org.testng.TestNG'
'@C:\Users\ALKESH~2\AppData\Local\Temp\testng4213582598427353770'

The ' characters around the executable and arguments are
not part of the command.
   [testng] [TestNG] Running:
   [testng]   E:\JenkinsAssignment\JenkinsSampleProject\testng.xml
   [testng] 
   [testng] I m inside before my first test
   [testng] Inside my first test
   [testng] I m inside after my first test
   [testng] PASSED: f
   [testng] 
   [testng] ===============================================
   [testng]     Default test
   [testng]     Tests run: 1, Failures: 0, Skips: 0
   [testng] ===============================================
   [testng] 
   [testng] 
   [testng] ===============================================
   [testng] Default suite
   [testng] Total tests run: 1, Failures: 0, Skips: 0
   [testng] ===============================================
   [testng] 
   [testng] [TestNG] Time taken by org.testng.reporters.XMLReporter@1a679b7: 26 ms
   [testng] [TestNG] Time taken by org.testng.reporters.SuiteHTMLReporter@1e51060: 933 ms
   [testng] [TestNG] Time taken by [FailedReporter passed=0 failed=0 skipped=0]: 1 ms
   [testng] [TestNG] Time taken by org.testng.reporters.JUnitReportReporter@a20892: 32 ms
   [testng] [TestNG] Time taken by org.testng.reporters.EmailableReporter2@1fdc96c: 5 ms
   [testng] [TestNG] Time taken by org.testng.reporters.jq.Main@cdfc9c: 51 ms
runTests:  duration 3 seconds
BUILD SUCCESSFUL

BUILD SUCCESSFUL
